Log file open, 08/19/20 17:31:43
LogWindows: Failed to load 'aqProf.dll' (GetLastError=126)
LogWindows: File 'aqProf.dll' does not exist
LogWindows: Failed to load 'VSPerf140.dll' (GetLastError=126)
LogWindows: File 'VSPerf140.dll' does not exist
LogWindows: Failed to load 'VtuneApi.dll' (GetLastError=126)
LogWindows: File 'VtuneApi.dll' does not exist
LogWindows: Failed to load 'VtuneApi32e.dll' (GetLastError=126)
LogWindows: File 'VtuneApi32e.dll' does not exist
LogInit: Display: Running engine for game: ELR_spaceship
LogPlatformFile: Not using cached read wrapper
LogInit: Display: RandInit(79699750) SRandInit(79699750).
LogInit: Read version file with build ID '3709383'
LogInit: Overriding engine version to CL 3832480, compatible CL 3709383
LogInit: Registered custom module enumerator with build ID '3709383'
LogTaskGraph: Started task graph with 5 named threads and 8 total threads with 3 sets of task threads.
LogStats: Stats thread started at 3.977931
LogD3D11RHI: Aftermath initialized
LogModuleManager: Display: Found up-to-date module file ../../../Engine/Plugins/2D/Paper2D/Binaries/Win64/UE4Editor-Paper2D.dll (API version 3709383).
LogModuleManager: Display: Found up-to-date module file ../../../Engine/Plugins/2D/Paper2D/Binaries/Win64/UE4Editor-Paper2DEditor.dll (API version 3709383).
LogModuleManager: Display: Found up-to-date module file ../../../Engine/Plugins/2D/Paper2D/Binaries/Win64/UE4Editor-PaperSpriteSheetImporter.dll (API version 3709383).
LogModuleManager: Display: Found up-to-date module file ../../../Engine/Plugins/2D/Paper2D/Binaries/Win64/UE4Editor-PaperTiledImporter.dll (API version 3709383).
LogModuleManager: Display: Found up-to-date module file ../../../Engine/Plugins/2D/Paper2D/Binaries/Win64/UE4Editor-SmartSnapping.dll (API version 3709383).
LogModuleManager: Display: Found up-to-date module file ../../../Engine/Plugins/Blendables/LightPropagationVolume/Binaries/Win64/UE4Editor-LightPropagationVolumeRuntime.dll (API version 3709383).
LogModuleManager: Display: Found up-to-date module file ../../../Engine/Plugins/Blendables/LightPropagationVolume/Binaries/Win64/UE4Editor-LightPropagationVolumeEditor.dll (API version 3709383).
LogModuleManager: Display: Found up-to-date module file ../../../Engine/Plugins/Developer/GitSourceControl/Binaries/Win64/UE4Editor-GitSourceControl.dll (API version 3709383).
LogModuleManager: Display: Found up-to-date module file ../../../Engine/Plugins/Developer/PerforceSourceControl/Binaries/Win64/UE4Editor-PerforceSourceControl.dll (API version 3709383).
LogModuleManager: Display: Found up-to-date module file ../../../Engine/Plugins/Developer/SubversionSourceControl/Binaries/Win64/UE4Editor-SubversionSourceControl.dll (API version 3709383).
LogModuleManager: Display: Found up-to-date module file ../../../Engine/Plugins/Developer/UObjectPlugin/Binaries/Win64/UE4Editor-UObjectPlugin.dll (API version 3709383).
LogModuleManager: Display: Found up-to-date module file ../../../Engine/Plugins/Developer/VisualStudioCodeSourceCodeAccess/Binaries/Win64/UE4Editor-VisualStudioCodeSourceCodeAccess.dll (API version 3709383).
LogModuleManager: Display: Found up-to-date module file ../../../Engine/Plugins/Developer/VisualStudioSourceCodeAccess/Binaries/Win64/UE4Editor-VisualStudioSourceCodeAccess.dll (API version 3709383).
LogModuleManager: Display: Found up-to-date module file ../../../Engine/Plugins/Editor/AssetManagerEditor/Binaries/Win64/UE4Editor-AssetManagerEditor.dll (API version 3709383).
LogModuleManager: Display: Found up-to-date module file ../../../Engine/Plugins/Editor/AudioCapture/Binaries/Win64/UE4Editor-AudioCapture.dll (API version 3709383).
LogModuleManager: Display: Found up-to-date module file ../../../Engine/Plugins/Editor/FacialAnimation/Binaries/Win64/UE4Editor-FacialAnimation.dll (API version 3709383).
LogModuleManager: Display: Found up-to-date module file ../../../Engine/Plugins/Editor/FacialAnimation/Binaries/Win64/UE4Editor-FacialAnimationEditor.dll (API version 3709383).
LogModuleManager: Display: Found up-to-date module file ../../../Engine/Plugins/Editor/GameplayTagsEditor/Binaries/Win64/UE4Editor-GameplayTagsEditor.dll (API version 3709383).
LogModuleManager: Display: Found up-to-date module file ../../../Engine/Plugins/Editor/MobileLauncherProfileWizard/Binaries/Win64/UE4Editor-MobileLauncherProfileWizard.dll (API version 3709383).
LogModuleManager: Display: Found up-to-date module file ../../../Engine/Plugins/Editor/PluginBrowser/Binaries/Win64/UE4Editor-PluginBrowser.dll (API version 3709383).
LogModuleManager: Display: Found up-to-date module file ../../../Engine/Plugins/Editor/SpeedTreeImporter/Binaries/Win64/UE4Editor-SpeedTreeImporter.dll (API version 3709383).
LogModuleManager: Display: Found up-to-date module file ../../../Engine/Plugins/Experimental/AlembicImporter/Binaries/Win64/UE4Editor-AlembicImporter.dll (API version 3709383).
LogModuleManager: Display: Found up-to-date module file ../../../Engine/Plugins/Experimental/AlembicImporter/Binaries/Win64/UE4Editor-AlembicLibrary.dll (API version 3709383).
LogModuleManager: Display: Found up-to-date module file ../../../Engine/Plugins/Experimental/CharacterAI/Binaries/Win64/UE4Editor-CharacterAI.dll (API version 3709383).
LogModuleManager: Display: Found up-to-date module file ../../../Engine/Plugins/Experimental/HTML5Networking/Binaries/Win64/UE4Editor-HTML5Networking.dll (API version 3709383).
LogModuleManager: Display: Found up-to-date module file ../../../Engine/Plugins/Media/AndroidMedia/Binaries/Win64/UE4Editor-AndroidMediaEditor.dll (API version 3709383).
LogModuleManager: Display: Found up-to-date module file ../../../Engine/Plugins/Media/AndroidMedia/Binaries/Win64/UE4Editor-AndroidMediaFactory.dll (API version 3709383).
LogModuleManager: Display: Found up-to-date module file ../../../Engine/Plugins/Media/AvfMedia/Binaries/Win64/UE4Editor-AvfMediaEditor.dll (API version 3709383).
LogModuleManager: Display: Found up-to-date module file ../../../Engine/Plugins/Media/AvfMedia/Binaries/Win64/UE4Editor-AvfMediaFactory.dll (API version 3709383).
LogModuleManager: Display: Found up-to-date module file ../../../Engine/Plugins/Media/AvfMedia/Binaries/Win64/UE4Editor-AvfMediaFactory.dll (API version 3709383).
LogModuleManager: Display: Found up-to-date module file ../../../Engine/Plugins/Media/ImgMedia/Binaries/Win64/UE4Editor-ImgMedia.dll (API version 3709383).
LogModuleManager: Display: Found up-to-date module file ../../../Engine/Plugins/Media/ImgMedia/Binaries/Win64/UE4Editor-ImgMediaEditor.dll (API version 3709383).
LogModuleManager: Display: Found up-to-date module file ../../../Engine/Plugins/Media/ImgMedia/Binaries/Win64/UE4Editor-ImgMediaFactory.dll (API version 3709383).
LogModuleManager: Display: Found up-to-date module file ../../../Engine/Plugins/Media/ImgMedia/Binaries/Win64/UE4Editor-ImgMediaFactory.dll (API version 3709383).
LogModuleManager: Display: Found up-to-date module file ../../../Engine/Plugins/Media/ImgMedia/Binaries/Win64/UE4Editor-OpenExrWrapper.dll (API version 3709383).
LogModuleManager: Display: Found up-to-date module file ../../../Engine/Plugins/Media/MediaCompositing/Binaries/Win64/UE4Editor-MediaCompositing.dll (API version 3709383).
LogModuleManager: Display: Found up-to-date module file ../../../Engine/Plugins/Media/MediaCompositing/Binaries/Win64/UE4Editor-MediaCompositingEditor.dll (API version 3709383).
LogModuleManager: Display: Found up-to-date module file ../../../Engine/Plugins/Media/MediaPlayerEditor/Binaries/Win64/UE4Editor-MediaPlayerEditor.dll (API version 3709383).
LogModuleManager: Display: Found up-to-date module file ../../../Engine/Plugins/Media/WmfMedia/Binaries/Win64/UE4Editor-WmfMedia.dll (API version 3709383).
LogModuleManager: Display: Found up-to-date module file ../../../Engine/Plugins/Media/WmfMedia/Binaries/Win64/UE4Editor-WmfMediaEditor.dll (API version 3709383).
LogModuleManager: Display: Found up-to-date module file ../../../Engine/Plugins/Media/WmfMedia/Binaries/Win64/UE4Editor-WmfMediaFactory.dll (API version 3709383).
LogModuleManager: Display: Found up-to-date module file ../../../Engine/Plugins/Media/WmfMedia/Binaries/Win64/UE4Editor-WmfMediaFactory.dll (API version 3709383).
LogModuleManager: Display: Found up-to-date module file ../../../Engine/Plugins/Messaging/TcpMessaging/Binaries/Win64/UE4Editor-TcpMessaging.dll (API version 3709383).
LogModuleManager: Display: Found up-to-date module file ../../../Engine/Plugins/Messaging/UdpMessaging/Binaries/Win64/UE4Editor-UdpMessaging.dll (API version 3709383).
LogModuleManager: Display: Found up-to-date module file ../../../Engine/Plugins/MovieScene/ActorSequence/Binaries/Win64/UE4Editor-ActorSequence.dll (API version 3709383).
LogModuleManager: Display: Found up-to-date module file ../../../Engine/Plugins/MovieScene/LevelSequenceEditor/Binaries/Win64/UE4Editor-LevelSequenceEditor.dll (API version 3709383).
LogModuleManager: Display: Found up-to-date module file ../../../Engine/Plugins/MovieScene/MatineeToLevelSequence/Binaries/Win64/UE4Editor-MatineeToLevelSequence.dll (API version 3709383).
LogModuleManager: Display: Found up-to-date module file ../../../Engine/Plugins/Online/OnlineSubsystem/Binaries/Win64/UE4Editor-OnlineSubsystem.dll (API version 3709383).
LogModuleManager: Display: Found up-to-date module file ../../../Engine/Plugins/Runtime/AndroidPermission/Binaries/Win64/UE4Editor-AndroidPermission.dll (API version 3709383).
LogModuleManager: Display: Found up-to-date module file ../../../Engine/Plugins/Online/OnlineSubsystemNull/Binaries/Win64/UE4Editor-OnlineSubsystemNull.dll (API version 3709383).
LogModuleManager: Display: Found up-to-date module file ../../../Engine/Plugins/Online/OnlineSubsystemUtils/Binaries/Win64/UE4Editor-OnlineSubsystemUtils.dll (API version 3709383).
LogModuleManager: Display: Found up-to-date module file ../../../Engine/Plugins/Online/OnlineSubsystemUtils/Binaries/Win64/UE4Editor-OnlineBlueprintSupport.dll (API version 3709383).
LogModuleManager: Display: Found up-to-date module file ../../../Engine/Plugins/Runtime/AndroidDeviceProfileSelector/Binaries/Win64/UE4Editor-AndroidDeviceProfileSelector.dll (API version 3709383).
LogModuleManager: Display: Found up-to-date module file ../../../Engine/Plugins/Runtime/AppleARKit/Binaries/Win64/UE4Editor-AppleARKit.dll (API version 3709383).
LogModuleManager: Display: Found up-to-date module file ../../../Engine/Plugins/Runtime/ArchVisCharacter/Binaries/Win64/UE4Editor-ArchVisCharacter.dll (API version 3709383).
LogModuleManager: Display: Found up-to-date module file ../../../Engine/Plugins/Runtime/CableComponent/Binaries/Win64/UE4Editor-CableComponent.dll (API version 3709383).
LogModuleManager: Display: Found up-to-date module file ../../../Engine/Plugins/Runtime/CustomMeshComponent/Binaries/Win64/UE4Editor-CustomMeshComponent.dll (API version 3709383).
LogModuleManager: Display: Found up-to-date module file ../../../Engine/Plugins/Runtime/ExampleDeviceProfileSelector/Binaries/Win64/UE4Editor-ExampleDeviceProfileSelector.dll (API version 3709383).
LogModuleManager: Display: Found up-to-date module file ../../../Engine/Plugins/Runtime/ImmediatePhysics/Binaries/Win64/UE4Editor-ImmediatePhysics.dll (API version 3709383).
LogModuleManager: Display: Found up-to-date module file ../../../Engine/Plugins/Runtime/ImmediatePhysics/Binaries/Win64/UE4Editor-ImmediatePhysicsEditor.dll (API version 3709383).
LogModuleManager: Display: Found up-to-date module file ../../../Engine/Plugins/Runtime/LocationServicesBPLibrary/Binaries/Win64/UE4Editor-LocationServicesBPLibrary.dll (API version 3709383).
LogModuleManager: Display: Found up-to-date module file ../../../Engine/Plugins/Runtime/MobilePatchingUtils/Binaries/Win64/UE4Editor-MobilePatchingUtils.dll (API version 3709383).
LogModuleManager: Display: Found up-to-date module file ../../../Engine/Plugins/Runtime/Oculus/OculusVR/Binaries/Win64/UE4Editor-OculusHMD.dll (API version 3709383).
LogModuleManager: Display: Found up-to-date module file ../../../Engine/Plugins/Runtime/Oculus/OculusVR/Binaries/Win64/UE4Editor-OculusInput.dll (API version 3709383).
LogModuleManager: Display: Found up-to-date module file ../../../Engine/Plugins/Runtime/Oculus/OculusVR/Binaries/Win64/UE4Editor-OculusEditor.dll (API version 3709383).
LogModuleManager: Display: Found up-to-date module file ../../../Engine/Plugins/Runtime/PhysXVehicles/Binaries/Win64/UE4Editor-PhysXVehicles.dll (API version 3709383).
LogModuleManager: Display: Found up-to-date module file ../../../Engine/Plugins/Runtime/PhysXVehicles/Binaries/Win64/UE4Editor-PhysXVehiclesEditor.dll (API version 3709383).
LogModuleManager: Display: Found up-to-date module file ../../../Engine/Plugins/Runtime/ProceduralMeshComponent/Binaries/Win64/UE4Editor-ProceduralMeshComponent.dll (API version 3709383).
LogModuleManager: Display: Found up-to-date module file ../../../Engine/Plugins/Runtime/ProceduralMeshComponent/Binaries/Win64/UE4Editor-ProceduralMeshComponentEditor.dll (API version 3709383).
LogModuleManager: Display: Found up-to-date module file ../../../Engine/Plugins/Runtime/RuntimePhysXCooking/Binaries/Win64/UE4Editor-RuntimePhysXCooking.dll (API version 3709383).
LogModuleManager: Display: Found up-to-date module file ../../../Engine/Plugins/Runtime/Steam/SteamVR/Binaries/Win64/UE4Editor-SteamVR.dll (API version 3709383).
LogModuleManager: Display: Found up-to-date module file ../../../Engine/Plugins/Runtime/Steam/SteamVR/Binaries/Win64/UE4Editor-SteamVRController.dll (API version 3709383).
LogModuleManager: Display: Found up-to-date module file ../../../Engine/Plugins/Runtime/WindowsMoviePlayer/Binaries/Win64/UE4Editor-WindowsMoviePlayer.dll (API version 3709383).
LogPluginManager: Mounting plugin Paper2D
LogPluginManager: Mounting plugin LightPropagationVolume
LogPluginManager: Mounting plugin CodeLiteSourceCodeAccess
LogPluginManager: Mounting plugin GitSourceControl
LogPluginManager: Mounting plugin KDevelopSourceCodeAccess
LogPluginManager: Mounting plugin NullSourceCodeAccess
LogPluginManager: Mounting plugin PerforceSourceControl
LogPluginManager: Mounting plugin SubversionSourceControl
LogPluginManager: Mounting plugin UObjectPlugin
LogPluginManager: Mounting plugin VisualStudioCodeSourceCodeAccess
LogPluginManager: Mounting plugin VisualStudioSourceCodeAccess
LogPluginManager: Mounting plugin XCodeSourceCodeAccess
LogPluginManager: Mounting plugin AssetManagerEditor
LogPluginManager: Mounting plugin AudioCapture
LogPluginManager: Mounting plugin FacialAnimation
LogPluginManager: Mounting plugin GameplayTagsEditor
LogPluginManager: Mounting plugin MobileLauncherProfileWizard
LogPluginManager: Mounting plugin PluginBrowser
LogPluginManager: Mounting plugin SpeedTreeImporter
LogPluginManager: Mounting plugin AlembicImporter
LogPluginManager: Mounting plugin CharacterAI
LogPluginManager: Mounting plugin HTML5Networking
LogPluginManager: Mounting plugin AndroidMedia
LogPluginManager: Mounting plugin AvfMedia
LogPluginManager: Mounting plugin ImgMedia
LogPluginManager: Mounting plugin MediaCompositing
LogPluginManager: Mounting plugin MediaPlayerEditor
LogPluginManager: Mounting plugin WmfMedia
LogPluginManager: Mounting plugin TcpMessaging
LogPluginManager: Mounting plugin UdpMessaging
LogPluginManager: Mounting plugin ActorSequence
LogPluginManager: Mounting plugin LevelSequenceEditor
LogPluginManager: Mounting plugin MatineeToLevelSequence
LogPluginManager: Mounting plugin OnlineSubsystemGooglePlay
LogPluginManager: Mounting plugin OnlineSubsystemIOS
LogPluginManager: Mounting plugin OnlineSubsystem
LogPluginManager: Mounting plugin OnlineSubsystemNull
LogPluginManager: Mounting plugin OnlineSubsystemUtils
LogPluginManager: Mounting plugin AndroidDeviceProfileSelector
LogPluginManager: Mounting plugin AndroidMoviePlayer
LogPluginManager: Mounting plugin AndroidPermission
LogPluginManager: Mounting plugin AppleARKit
LogPluginManager: Mounting plugin AppleMoviePlayer
LogPluginManager: Mounting plugin ArchVisCharacter
LogPluginManager: Mounting plugin CableComponent
LogPluginManager: Mounting plugin CustomMeshComponent
LogPluginManager: Mounting plugin ExampleDeviceProfileSelector
LogPluginManager: Mounting plugin GoogleCloudMessaging
LogPluginManager: Mounting plugin ImmediatePhysics
LogPluginManager: Mounting plugin IOSDeviceProfileSelector
LogPluginManager: Mounting plugin LinuxDeviceProfileSelector
LogPluginManager: Mounting plugin LocationServicesBPLibrary
LogPluginManager: Mounting plugin MobilePatchingUtils
LogPluginManager: Mounting plugin OculusVR
LogPluginManager: Plugin shader directory ../../../Engine/Plugins/Runtime/Oculus/OculusVR/Shaders found
LogPluginManager: Mapping shader source directory ../../../Engine/Plugins/Runtime/Oculus/OculusVR/Shaders to virtual directory /Plugin/OculusVR
LogPluginManager: Mounting plugin PhysXVehicles
LogPluginManager: Mounting plugin ProceduralMeshComponent
LogPluginManager: Mounting plugin RuntimePhysXCooking
LogPluginManager: Mounting plugin SteamVR
LogPluginManager: Mounting plugin WindowsMoviePlayer
LogInit: Using libcurl 7.47.1
LogInit:  - built for x86_64-pc-win32
LogInit:  - supports SSL with OpenSSL/1.0.2g
LogInit:  - supports HTTP deflate (compression) using libz 1.2.8
LogInit:  - other features:
LogInit:      CURL_VERSION_SSL
LogInit:      CURL_VERSION_LIBZ
LogInit:      CURL_VERSION_IPV6
LogInit:      CURL_VERSION_ASYNCHDNS
LogInit:      CURL_VERSION_LARGEFILE
LogInit:      CURL_VERSION_IDN
LogInit:  CurlRequestOptions (configurable via config and command line):
LogInit:  - bVerifyPeer = false  - Libcurl will NOT verify peer certificate
LogInit:  - bUseHttpProxy = false  - Libcurl will NOT use HTTP proxy
LogInit:  - bDontReuseConnections = false  - Libcurl will reuse connections
LogInit:  - CertBundlePath = nullptr  - Libcurl will use whatever was configured at build time.
LogInit: Build: ++UE4+Release-4.18-CL-3832480
LogInit: Engine Version: 4.18.3-3832480+++UE4+Release-4.18
LogInit: Compatible Engine Version: 4.18.0-3709383+++UE4+Release-4.18
LogInit: Net CL: 3709383
LogDevObjectVersion: Number of dev versions registered: 16
LogDevObjectVersion:   Dev-Blueprints (B0D832E4-1F89-4F0D-ACCF-7EB736FD4AA2): 10
LogDevObjectVersion:   Dev-Build (E1C64328-A22C-4D53-A36C-8E866417BD8C): 0
LogDevObjectVersion:   Dev-Core (375EC13C-06E4-48FB-B500-84F0262A717E): 2
LogDevObjectVersion:   Dev-Editor (E4B068ED-F494-42E9-A231-DA0B2E46BB41): 20
LogDevObjectVersion:   Dev-Framework (CFFC743F-43B0-4480-9391-14DF171D2073): 30
LogDevObjectVersion:   Dev-Mobile (B02B49B5-BB20-44E9-A304-32B752E40360): 0
LogDevObjectVersion:   Dev-Networking (A4E4105C-59A1-49B5-A7C5-40C4547EDFEE): 0
LogDevObjectVersion:   Dev-Online (39C831C9-5AE6-47DC-9A44-9C173E1C8E7C): 0
LogDevObjectVersion:   Dev-Physics (78F01B33-EBEA-4F98-B9B4-84EACCB95AA2): 0
LogDevObjectVersion:   Dev-Platform (6631380F-2D4D-43E0-8009-CF276956A95A): 0
LogDevObjectVersion:   Dev-Rendering (12F88B9F-8875-4AFC-A67C-D90C383ABD29): 20
LogDevObjectVersion:   Dev-Sequencer (7B5AE74C-D270-4C10-A958-57980B212A5A): 4
LogDevObjectVersion:   Dev-VR (D7296918-1DD6-4BDD-9DE2-64A83CC13884): 0
LogDevObjectVersion:   Dev-LoadTimes (C2A15278-BFE7-4AFE-6C17-90FF531DF755): 1
LogDevObjectVersion:   Private-Geometry (6EACA3D4-40EC-4CC1-B786-8BED09428FC5): 1
LogDevObjectVersion:   Dev-AnimPhys (29E575DD-E0A3-4627-9D10-D276232CDCEA): 12
LogInit: Compiled (64-bit): Jan 12 2018 02:04:55
LogInit: Compiled with Visual C++: 19.00.24215.01
LogInit: Build Configuration: Development
LogInit: Branch Name: ++UE4+Release-4.18
LogInit: Command line:  
LogInit: Base directory: E:/GameDev/Unreal/Engine/UE_4.18/Engine/Binaries/Win64/
LogInit: Installed Engine Build: 1
LogInit: Presizing for max 8388607 objects, including 0 objects not considered by GC, pre-allocating 0 bytes for permanent pool.
LogInit: Object subsystem initialized
[2020.08.19-11.31.53:247][  0]LogInit: Selected Device Profile: [Windows]
[2020.08.19-11.31.53:247][  0]LogInit: Applying CVar settings loaded from the selected device profile: [Windows]
[2020.08.19-11.31.53:371][  0]LogInit: Computer: ISHRAQ-PC
[2020.08.19-11.31.53:371][  0]LogInit: User: farha
[2020.08.19-11.31.53:371][  0]LogInit: CPU Page size=4096, Cores=2
[2020.08.19-11.31.53:371][  0]LogInit: High frequency timer resolution =10.000000 MHz
[2020.08.19-11.31.53:371][  0]LogMemory: Memory total: Physical=3.9GB (4GB approx)
[2020.08.19-11.31.53:371][  0]LogMemory: Platform Memory Stats for Windows
[2020.08.19-11.31.53:371][  0]LogMemory: Process Physical Memory: 272.70 MB used, 272.71 MB peak
[2020.08.19-11.31.53:371][  0]LogMemory: Process Virtual Memory: 269.29 MB used, 269.29 MB peak
[2020.08.19-11.31.53:371][  0]LogMemory: Physical Memory: 3095.07 MB used,  881.94 MB free, 3977.01 MB total
[2020.08.19-11.31.53:371][  0]LogMemory: Virtual Memory: 4759.74 MB used,  881.94 MB free, 134217728.00 MB total
[2020.08.19-11.31.55:219][  0]LogInit: Using OS detected language (en-US).
[2020.08.19-11.31.55:219][  0]LogInit: Using OS detected locale (en-US).
[2020.08.19-11.31.55:546][  0]LogTextLocalizationManager: No specific localization for 'en-US' exists, so the 'en' localization will be used.
[2020.08.19-11.31.57:327][  0]LogInit: Setting process to per monitor DPI aware
[2020.08.19-11.32.07:384][  0]LogD3D11RHI: D3D11 adapters:
[2020.08.19-11.32.07:466][  0]LogD3D11RHI:    0. 'Intel(R) HD Graphics 3000' (Feature Level 10_0)
[2020.08.19-11.32.07:466][  0]LogD3D11RHI:       32/0/1632 MB DedicatedVideo/DedicatedSystem/SharedSystem, Outputs:1, VendorId:0x8086
[2020.08.19-11.32.07:518][  0]LogD3D11RHI:    1. 'Microsoft Basic Render Driver' (Feature Level 11_0)
[2020.08.19-11.32.07:518][  0]LogD3D11RHI:       0/0/1988 MB DedicatedVideo/DedicatedSystem/SharedSystem, Outputs:0, VendorId:0x1414
[2020.08.19-11.32.07:518][  0]LogD3D11RHI: Chosen D3D11 Adapter: 0
[2020.08.19-11.32.07:527][  0]LogD3D11RHI: Creating new Direct3DDevice
[2020.08.19-11.32.07:527][  0]LogD3D11RHI:     GPU DeviceId: 0x126 (for the marketing name, search the web for "GPU Device Id")
[2020.08.19-11.32.07:527][  0]LogWindows: EnumDisplayDevices:
[2020.08.19-11.32.07:531][  0]LogWindows:    0. 'Intel(R) HD Graphics 3000' (P:1 D:1)
[2020.08.19-11.32.07:564][  0]LogWindows:    1. 'Intel(R) HD Graphics 3000' (P:0 D:0)
[2020.08.19-11.32.07:564][  0]LogWindows: DebugString: GetVideoDriverDetailsInvalid PrimaryIsNotTheChoosenAdapter GetVideoDriverDetailsInvalid PrimaryIsNotTheChoosenAdapter FoundDriverCount:0 
[2020.08.19-11.32.07:564][  0]LogD3D11RHI:     Adapter Name: Intel(R) HD Graphics 3000
[2020.08.19-11.32.07:564][  0]LogD3D11RHI:   Driver Version: Unknown (internal:Unknown, unified:Unknown)
[2020.08.19-11.32.07:564][  0]LogD3D11RHI:      Driver Date: Unknown
[2020.08.19-11.32.07:564][  0]LogRHI: Texture pool is 593 MB (70% of 848 MB)
[2020.08.19-11.32.07:589][  0]LogD3D11RHI: Async texture creation enabled
[2020.08.19-11.32.07:935][  0]LogD3D11RHI: GPU Timing Frequency: 12.500000 (Debug: 2 1)
[2020.08.19-11.32.08:054][  0]LogShaderCompilers: Guid format shader working directory is -4 characters bigger than the processId version (../../../../../GITHUB/ELR_SpaceShips/ELR_spaceship/Intermediate/Shaders/WorkingDirectory/5456/).
[2020.08.19-11.32.08:055][  0]LogShaderCompilers: Cleaned the shader compiler working directory 'C:/Users/farha/AppData/Local/Temp/UnrealShaderWorkingDir/36A1FE6042DC7541B204A19A851D6B2C/'.
[2020.08.19-11.32.08:061][  0]LogShaderCompilers: Display: Using Local Shader Compiler.
[2020.08.19-11.32.17:687][  0]LogTemp: Display: Loaded TP AllDesktopTargetPlatform
[2020.08.19-11.32.17:756][  0]LogTemp: Display: Loaded TP MacClientTargetPlatform
[2020.08.19-11.32.17:825][  0]LogTemp: Display: Loaded TP MacNoEditorTargetPlatform
[2020.08.19-11.32.17:897][  0]LogTemp: Display: Loaded TP MacServerTargetPlatform
[2020.08.19-11.32.18:086][  0]LogTemp: Display: Loaded TP MacTargetPlatform
[2020.08.19-11.32.18:159][  0]LogTemp: Display: Loaded TP WindowsClientTargetPlatform
[2020.08.19-11.32.18:228][  0]LogTemp: Display: Loaded TP WindowsNoEditorTargetPlatform
[2020.08.19-11.32.18:306][  0]LogTemp: Display: Loaded TP WindowsServerTargetPlatform
[2020.08.19-11.32.18:393][  0]LogTemp: Display: Loaded TP WindowsTargetPlatform
[2020.08.19-11.32.18:471][  0]LogTemp: Display: Loaded TP Android_ASTCTargetPlatform
[2020.08.19-11.32.18:539][  0]LogTemp: Display: Loaded TP Android_ATCTargetPlatform
[2020.08.19-11.32.18:609][  0]LogTemp: Display: Loaded TP Android_DXTTargetPlatform
[2020.08.19-11.32.18:699][  0]LogTemp: Display: Loaded TP Android_ETC1TargetPlatform
[2020.08.19-11.32.18:767][  0]LogTemp: Display: Loaded TP Android_ETC2TargetPlatform
[2020.08.19-11.32.18:910][  0]LogTemp: Display: Loaded TP Android_MultiTargetPlatform
[2020.08.19-11.32.18:910][  0]LogTemp: Display: Loaded TP Android_PVRTCTargetPlatform
[2020.08.19-11.32.19:031][  0]LogTemp: Display: Loaded TP AndroidTargetPlatform
[2020.08.19-11.32.19:087][  0]LogTemp: Display: Loaded TP HTML5TargetPlatform
[2020.08.19-11.32.19:422][  0]LogTemp: Display: Loaded TP IOSTargetPlatform
[2020.08.19-11.32.19:494][  0]LogTemp: Display: Loaded TP TVOSTargetPlatform
[2020.08.19-11.32.19:567][  0]LogTemp: Display: Loaded TP LinuxClientTargetPlatform
[2020.08.19-11.32.19:639][  0]LogTemp: Display: Loaded TP LinuxNoEditorTargetPlatform
[2020.08.19-11.32.19:712][  0]LogTemp: Display: Loaded TP LinuxServerTargetPlatform
[2020.08.19-11.32.19:834][  0]LogTemp: Display: Loaded TP LinuxTargetPlatform
[2020.08.19-11.32.19:834][  0]LogTargetPlatformManager: Display: Building Assets For Windows
[2020.08.19-11.32.25:681][  0]LogDerivedDataCache: Display: Max Cache Size: 512 MB
[2020.08.19-11.32.26:740][  0]LogDerivedDataCache: Loaded boot cache 1.05s 75MB C:/Users/farha/AppData/Local/UnrealEngine/4.18/DerivedDataCache/Boot.ddc.
[2020.08.19-11.32.26:740][  0]LogDerivedDataCache: Display: Loaded Boot cache: C:/Users/farha/AppData/Local/UnrealEngine/4.18/DerivedDataCache/Boot.ddc
[2020.08.19-11.32.26:740][  0]LogDerivedDataCache: FDerivedDataBackendGraph:  Pak pak cache file ../../../../../GITHUB/ELR_SpaceShips/ELR_spaceship/DerivedDataCache/DDC.ddp not found, will not use a pak cache.
[2020.08.19-11.32.26:740][  0]LogDerivedDataCache: Unable to find inner node Pak for hierarchical cache Hierarchy.
[2020.08.19-11.32.26:740][  0]LogDerivedDataCache: FDerivedDataBackendGraph:  CompressedPak pak cache file ../../../../../GITHUB/ELR_SpaceShips/ELR_spaceship/DerivedDataCache/Compressed.ddp not found, will not use a pak cache.
[2020.08.19-11.32.26:741][  0]LogDerivedDataCache: Unable to find inner node CompressedPak for hierarchical cache Hierarchy.
[2020.08.19-11.32.26:923][  0]LogDerivedDataCache: Display: Pak cache opened for reading ../../../Engine/DerivedDataCache/Compressed.ddp.
[2020.08.19-11.32.26:978][  0]LogDerivedDataCache: Using Local data cache path C:/Users/farha/AppData/Local/UnrealEngine/Common/DerivedDataCache: Writable
[2020.08.19-11.32.27:076][  0]LogMaterial: Verifying Global Shaders for PCD3D_SM4
[2020.08.19-11.32.27:105][  0]LogSlate: Using Freetype 2.6.0
[2020.08.19-11.32.27:257][  0]LogSlate: SlateFontCache - WITH_FREETYPE: 1, WITH_HARFBUZZ: 1
[2020.08.19-11.32.27:257][  0]LogSlate: SlateFontCache - WITH_FREETYPE: 1, WITH_HARFBUZZ: 1
[2020.08.19-11.32.45:406][  0]LogInit: Selected Device Profile: [Windows]
[2020.08.19-11.32.47:822][  0]LogSimplygon: Simplygon DLL not present - disabling.
[2020.08.19-11.32.47:946][  0]LogMeshReduction: Using SimplygonSwarm for distributed automatic mesh merging
[2020.08.19-11.32.47:953][  0]LogMeshReduction: Using QuadricMeshReduction for automatic static mesh reduction
[2020.08.19-11.32.47:953][  0]LogMeshReduction: No automatic skeletal mesh reduction module available
[2020.08.19-11.32.47:953][  0]LogMeshReduction: No automatic mesh merging module available
[2020.08.19-11.32.47:953][  0]LogMeshMerging: No automatic mesh merging module available
[2020.08.19-11.32.49:074][  0]LogNetVersion: ELR_spaceship , NetCL: 3709383, EngineNetVer: 2, GameNetVer: 0 (Checksum: 1111601439)
[2020.08.19-11.32.50:378][  0]LogAssetRegistry: FAssetRegistry took 0.0289 seconds to start up
[2020.08.19-11.33.17:167][  0]LogPackageLocalizationCache: Processed 7 localized package path(s) for 2 prioritized culture(s) in 0.201228 seconds
[2020.08.19-11.33.17:175][  0]LogUObjectArray: 35870 objects as part of root set at end of initial load.
[2020.08.19-11.33.17:175][  0]LogUObjectAllocator: 7363696 out of 0 bytes used by permanent object pool.
[2020.08.19-11.33.17:175][  0]LogUObjectArray: CloseDisregardForGC: 0/0 objects in disregard for GC pool
[2020.08.19-11.33.17:315][  0]LogInit: WinSock: version 1.1 (2.2), MaxSocks=32767, MaxUdp=65467
[2020.08.19-11.33.49:822][  0]LogTcpMessaging: Initializing TcpMessaging bridge
[2020.08.19-11.33.49:897][  0]LogUdpMessaging: Initializing bridge on interface 0.0.0.0:0 to multicast group 230.0.0.1:6666.
[2020.08.19-11.33.52:780][  0]LogMaterial: Uniform references updated for custom material expression Custom.
[2020.08.19-11.33.54:372][  0]SourceControl: Source control is disabled
[2020.08.19-11.33.54:374][  0]SourceControl: Source control is disabled
[2020.08.19-11.33.54:544][  0]SourceControl: Source control is disabled
[2020.08.19-11.33.54:683][  0]SourceControl: Source control is disabled
[2020.08.19-11.33.56:935][  0]LogAndroidPermission: UAndroidPermissionCallbackProxy::GetInstance
[2020.08.19-11.33.57:441][  0]LogOcInput: OculusInput pre-init called
[2020.08.19-11.33.59:004][  0]LogEngine: Initializing Engine...
[2020.08.19-11.33.59:111][  0]LogHMD: Failed to initialize OpenVR with code 110
[2020.08.19-11.34.00:726][  0]LogStats: UGameplayTagsManager::ConstructGameplayTagTree: Construct from data asset -  0.000 s
[2020.08.19-11.34.00:738][  0]LogStats: UGameplayTagsManager::ConstructGameplayTagTree: GameplayTagTreeChangedEvent.Broadcast -  0.010 s
[2020.08.19-11.34.03:041][  0]LogAIModule: Creating AISystem for world Untitled
[2020.08.19-11.34.03:504][  0]LogInit: XAudio2 using 'Speakers (2- High Definition Audio Device)' : 2 channels at 48 kHz using 16 bits per sample (channel mask 0x3)
[2020.08.19-11.34.03:658][  0]LogInit: FAudioDevice initialized.
[2020.08.19-11.34.04:422][  0]LogDerivedDataCache: Saved boot cache 0.69s 75MB C:/Users/farha/AppData/Local/UnrealEngine/4.18/DerivedDataCache/Boot.ddc.
[2020.08.19-11.34.05:019][  0]LogInit: Texture streaming: Enabled
[2020.08.19-11.34.06:437][  0]LogEngineSessionManager: EngineSessionManager initialized
[2020.08.19-11.34.07:640][  0]LogInit: Transaction tracking system initialized
[2020.08.19-11.34.08:595][  0]BlueprintLog: New page: Editor Load
[2020.08.19-11.34.11:960][  0]LocalizationService: Localization service is disabled
[2020.08.19-11.34.16:527][  0]LogConsoleResponse: Display: 
[2020.08.19-11.34.21:074][  0]LogFileCache: Scanning file cache for directory 'E:/GameDev/Unreal/GITHUB/ELR_SpaceShips/ELR_spaceship/Content/' took 0.20s
[2020.08.19-11.34.21:075][  0]LogCook: Display: Max memory allowance for cook 16384mb min free memory 0mb
[2020.08.19-11.34.21:075][  0]LogCook: Display: Mobile HDR setting 0
[2020.08.19-11.34.21:115][  0]LogGameplayTags: Display: UGameplayTagsManager::DoneAddingNativeTags. DelegateIsBound: 0
[2020.08.19-11.34.27:914][  0]SourceControl: Source control is disabled
[2020.08.19-11.34.27:990][  0]Cmd: MAP LOAD FILE="../../../../../GITHUB/ELR_SpaceShips/ELR_spaceship/Content/Maps/SpaceMap.umap" TEMPLATE=0 SHOWPROGRESS=1 FEATURELEVEL=2
[2020.08.19-11.34.28:071][  0]LightingResults: New page: Lighting Build
[2020.08.19-11.34.28:459][  0]MapCheck: New page: Map Check
[2020.08.19-11.34.28:459][  0]LightingResults: New page: Lighting Build
[2020.08.19-11.35.20:567][  0]LogAIModule: Creating AISystem for world SpaceMap
[2020.08.19-11.35.22:963][  0]LogEditorServer: Finished looking for orphan Actors (0.000 secs)
[2020.08.19-11.35.23:625][  0]Cmd: MAP CHECKDEP NOCLEARLOG
[2020.08.19-11.35.25:976][  0]MapCheck: Map check complete: 0 Error(s), 0 Warning(s), took 2,341.186ms to complete.
[2020.08.19-11.35.25:994][  0]LogFileHelpers: Loading map 'SpaceMap' took 58.035
[2020.08.19-11.35.43:742][  0]LogCollectionManager: Loaded 0 collections in 0.004659 seconds
[2020.08.19-11.35.45:468][  0]LogFileCache: Scanning file cache for directory 'E:/GameDev/Unreal/GITHUB/ELR_SpaceShips/ELR_spaceship/Saved/Collections/' took 0.01s
[2020.08.19-11.35.45:468][  0]LogFileCache: Scanning file cache for directory 'E:/GameDev/Unreal/GITHUB/ELR_SpaceShips/ELR_spaceship/Content/Developers/farha/Collections/' took 0.01s
[2020.08.19-11.35.45:468][  0]LogFileCache: Scanning file cache for directory 'E:/GameDev/Unreal/GITHUB/ELR_SpaceShips/ELR_spaceship/Content/Collections/' took 0.01s
[2020.08.19-11.35.45:468][  0]LogCollectionManager: Rebuilt the GUID cache for 0 collections in 0.000000 seconds
[2020.08.19-11.35.45:717][  0]LogContentBrowser: Native class hierarchy populated in 0.0344 seconds. Added 2364 classes and 521 folders.
[2020.08.19-11.35.47:134][  0]LogContentBrowser: Native class hierarchy updated for 'WidgetCarousel' in 0.0004 seconds. Added 0 classes and 0 folders.
[2020.08.19-11.35.52:032][  0]LogContentBrowser: Native class hierarchy updated for 'AddContentDialog' in 0.0004 seconds. Added 0 classes and 0 folders.
[2020.08.19-11.35.52:660][  0]LogSlate: Took 0.063014 seconds to synchronously load lazily loaded font '../../../Engine/Content/Slate/Fonts/Roboto-Regular.ttf' (155K)
[2020.08.19-11.35.54:842][  0]LogSlate: Took 0.484459 seconds to synchronously load lazily loaded font '../../../Engine/Content/Slate/Fonts/Roboto-Bold.ttf' (160K)
[2020.08.19-11.36.00:658][  0]LogRenderer: Reallocating scene render targets to support 1016x656 Format 10 NumSamples 1 (Frame:1).
[2020.08.19-11.36.49:080][  0]LogContentBrowser: Native class hierarchy updated for 'HierarchicalLODOutliner' in 0.0004 seconds. Added 1 classes and 2 folders.
[2020.08.19-11.36.49:080][  0]LogLoad: (Engine Initialization) Total time: 331.04 seconds
[2020.08.19-11.36.49:080][  0]LogLoad: (Engine Initialization) Total Blueprint compile time: 0.00 seconds
[2020.08.19-11.36.49:201][  0]LogExternalProfiler: No external profilers were discovered.  External profiling features will not be available.
[2020.08.19-11.36.50:884][  0]LogContentStreaming: Texture pool size now 1000 MB
[2020.08.19-11.36.56:222][  8]LogAssetRegistry: Asset discovery search completed in 245.8666 seconds
[2020.08.19-11.36.57:374][  8]LogCollectionManager: Rebuilt the object cache for 0 collections in 0.000001 seconds (found 0 objects)
[2020.08.19-11.36.57:375][  8]LogCollectionManager: Fixed up redirectors for 0 collections in 0.008235 seconds (updated 0 objects)
[2020.08.19-11.37.44:191][161]LogSlate: Took 0.966489 seconds to synchronously load lazily loaded font '../../../Engine/Content/Editor/Slate/Fonts/FontAwesome.ttf' (139K)
[2020.08.19-11.38.25:789][433]LogSlate: Took 0.034868 seconds to synchronously load lazily loaded font '../../../Engine/Content/Slate/Fonts/Roboto-Light.ttf' (159K)
[2020.08.19-11.38.27:467][433]LogSlate: Took 0.074012 seconds to synchronously load lazily loaded font '../../../Engine/Content/Editor/Slate/Fonts/Roboto-BoldCondensed.ttf' (158K)
[2020.08.19-11.41.51:495][437]Cmd: OBJ SAVEPACKAGE PACKAGE="/Game/Maps/SpaceMap" FILE="../../../../../GITHUB/ELR_SpaceShips/ELR_spaceship/Content/Maps/SpaceMap.umap" SILENT=true AUTOSAVING=false KEEPDIRTY=false
[2020.08.19-11.41.54:129][437]LogSlate: Took 0.021611 seconds to synchronously load lazily loaded font '../../../Engine/Content/Slate/Fonts/Roboto-Regular.ttf' (155K)
[2020.08.19-11.41.55:346][437]LogSavePackage: Save=1400.62ms
[2020.08.19-11.41.55:348][437]LogSavePackage: Moving '../../../../../GITHUB/ELR_SpaceShips/ELR_spaceship/Saved/SpaceMapD6605BDE4FFFC137BDED308069CE27A6.tmp' to '../../../../../GITHUB/ELR_SpaceShips/ELR_spaceship/Content/Maps/SpaceMap.umap'
[2020.08.19-11.41.55:949][437]LogSavePackage: Display: Finished SavePackage ../../../../../GITHUB/ELR_SpaceShips/ELR_spaceship/Content/Maps/SpaceMap.umap
[2020.08.19-11.41.56:529][437]LogFileHelpers: Saving map 'SpaceMap' took 15.296
[2020.08.19-11.42.04:033][716]LogTemp: Repeating last play command: Selected Viewport
[2020.08.19-11.42.07:731][716]LogPlayLevel: PlayLevel: No blueprints needed recompiling
[2020.08.19-11.42.08:434][716]PIE: New page: PIE session: SpaceMap (Aug 19, 2020, 11:42:07 PM)
[2020.08.19-11.42.08:514][716]LogPlayLevel: Creating play world package: /Game/Maps/UEDPIE_0_SpaceMap
[2020.08.19-11.42.09:232][716]LogPlayLevel: PIE: StaticDuplicateObject took: (0.717339s)
[2020.08.19-11.42.09:876][716]LogAIModule: Creating AISystem for world SpaceMap
[2020.08.19-11.42.09:996][716]LogPlayLevel: PIE: World Init took: (0.764127s)
[2020.08.19-11.42.10:013][716]LogPlayLevel: PIE: Created PIE world by copying editor world from /Game/Maps/SpaceMap.SpaceMap to /Game/Maps/UEDPIE_0_SpaceMap.SpaceMap (1.500031s)
[2020.08.19-11.42.10:572][716]LogInit: XAudio2 using 'Speakers (2- High Definition Audio Device)' : 2 channels at 48 kHz using 16 bits per sample (channel mask 0x3)
[2020.08.19-11.42.10:993][716]LogInit: FAudioDevice initialized.
[2020.08.19-11.42.11:312][716]LogLoad: Game class is 'MenuGM_C'
[2020.08.19-11.42.11:625][716]LogWorld: Bringing World /Game/Maps/UEDPIE_0_SpaceMap.SpaceMap up for play (max tick rate 60) at 2020.08.19-17.42.11
[2020.08.19-11.42.11:636][716]LogWorld: Bringing up level for play took: 0.162849
[2020.08.19-11.42.15:514][716]LogContentBrowser: Native class hierarchy updated for 'MovieSceneCapture' in 0.0477 seconds. Added 11 classes and 0 folders.
[2020.08.19-11.42.16:311][716]Cmd: t.MaxFPS 60
[2020.08.19-11.42.16:712][716]t.MaxFPS = "60"
[2020.08.19-11.42.16:874][716]PIE: Play in editor start time for /Game/Maps/UEDPIE_0_SpaceMap 9.738
[2020.08.19-11.42.44:476][348]Cmd: CLOSE_SLATE_MAINFRAME
[2020.08.19-11.42.45:234][348]LogWindowsTextInputMethodSystem: Display: IME system now deactivated.
[2020.08.19-11.42.46:803][349]Cmd: QUIT_EDITOR
[2020.08.19-11.42.48:527][349]LogExit: Preparing to exit.
[2020.08.19-11.43.06:747][349]LogDirectoryWatcher: A directory notification for 'E:/GameDev/Unreal/GITHUB/ELR_SpaceShips/ELR_spaceship/Content/' was aborted.
[2020.08.19-11.43.13:091][349]LogExit: Editor shut down
[2020.08.19-11.43.14:708][349]LogExit: Transaction tracking system shut down
[2020.08.19-11.43.25:003][349]LogDirectoryWatcher: A directory notification for '../../../Engine/Content/' was aborted.
[2020.08.19-11.43.25:003][349]LogDirectoryWatcher: A directory notification for '../../../../../GITHUB/ELR_SpaceShips/ELR_spaceship/Content/' was aborted.
[2020.08.19-11.43.25:003][349]LogDirectoryWatcher: A directory notification for '../../../Engine/Plugins/2D/Paper2D/Content/' was aborted.
[2020.08.19-11.43.25:003][349]LogDirectoryWatcher: A directory notification for '../../../Engine/Plugins/Media/MediaCompositing/Content/' was aborted.
[2020.08.19-11.43.25:067][349]LogDirectoryWatcher: A directory notification for '../../../Engine/Plugins/Runtime/AppleARKit/Content/' was aborted.
[2020.08.19-11.43.25:067][349]LogDirectoryWatcher: A directory notification for '../../../Engine/Plugins/Runtime/Oculus/OculusVR/Content/' was aborted.
[2020.08.19-11.43.25:067][349]LogDirectoryWatcher: A directory notification for '../../../Engine/Plugins/Runtime/Steam/SteamVR/Content/' was aborted.
[2020.08.19-11.44.07:135][349]LogExit: Object subsystem successfully closed.
[2020.08.19-11.44.18:942][349]LogD3D11RHI: Shutdown
[2020.08.19-11.44.18:946][349]LogD3D11RHI: CleanupD3DDevice
[2020.08.19-11.44.24:324][349]LogD3D11RHI: ~FD3D11DynamicRHI
[2020.08.19-11.44.36:472][349]LogModuleManager: Shutting down and abandoning module MovieSceneCapture (550)
[2020.08.19-11.44.36:472][349]LogModuleManager: Shutting down and abandoning module HierarchicalLODOutliner (548)
[2020.08.19-11.44.36:472][349]LogModuleManager: Shutting down and abandoning module AddContentDialog (546)
[2020.08.19-11.44.36:921][349]LogDirectoryWatcher: A directory notification for 'E:/GameDev/Unreal/Engine/UE_4.18/FeaturePacks/' was aborted.
[2020.08.19-11.44.36:942][349]LogModuleManager: Shutting down and abandoning module WidgetCarousel (545)
[2020.08.19-11.44.36:942][349]LogModuleManager: Shutting down and abandoning module EditorWidgets (542)
[2020.08.19-11.44.36:942][349]LogModuleManager: Shutting down and abandoning module CollectionManager (540)
[2020.08.19-11.44.37:066][349]LogDirectoryWatcher: A directory notification for 'E:/GameDev/Unreal/GITHUB/ELR_SpaceShips/ELR_spaceship/Content/Collections/' was aborted.
[2020.08.19-11.44.37:066][349]LogDirectoryWatcher: A directory notification for 'E:/GameDev/Unreal/GITHUB/ELR_SpaceShips/ELR_spaceship/Content/Developers/farha/Collections/' was aborted.
[2020.08.19-11.44.37:066][349]LogDirectoryWatcher: A directory notification for 'E:/GameDev/Unreal/GITHUB/ELR_SpaceShips/ELR_spaceship/Saved/Collections/' was aborted.
[2020.08.19-11.44.37:066][349]LogModuleManager: Shutting down and abandoning module SceneOutliner (538)
[2020.08.19-11.44.37:066][349]LogModuleManager: Shutting down and abandoning module StatsViewer (536)
[2020.08.19-11.44.37:615][349]LogModuleManager: Shutting down and abandoning module FoliageEdit (534)
[2020.08.19-11.44.37:615][349]LogModuleManager: Shutting down and abandoning module LandscapeEditor (532)
[2020.08.19-11.44.38:409][349]LogModuleManager: Shutting down and abandoning module MeshPaintMode (530)
[2020.08.19-11.44.38:515][349]LogModuleManager: Shutting down and abandoning module SceneDepthPickerMode (528)
[2020.08.19-11.44.38:515][349]LogModuleManager: Shutting down and abandoning module ActorPickerMode (526)
[2020.08.19-11.44.38:515][349]LogModuleManager: Shutting down and abandoning module GeometryMode (524)
[2020.08.19-11.44.38:515][349]LogModuleManager: Shutting down and abandoning module TextureAlignMode (522)
[2020.08.19-11.44.38:515][349]LogModuleManager: Shutting down and abandoning module BspMode (520)
[2020.08.19-11.44.38:620][349]LogModuleManager: Shutting down and abandoning module PIEPreviewDeviceProfileSelector (518)
[2020.08.19-11.44.38:620][349]LogModuleManager: Shutting down and abandoning module HardwareSurvey (516)
[2020.08.19-11.44.38:721][349]LogModuleManager: Shutting down and abandoning module SequenceRecorderSections (514)
[2020.08.19-11.44.38:721][349]LogModuleManager: Shutting down and abandoning module AutomationWorker (512)
[2020.08.19-11.44.38:721][349]LogModuleManager: Shutting down and abandoning module MatineeToLevelSequence (510)
[2020.08.19-11.44.38:828][349]LogModuleManager: Shutting down and abandoning module LevelSequenceEditor (508)
[2020.08.19-11.44.39:266][349]LogModuleManager: Shutting down and abandoning module PlacementMode (507)
[2020.08.19-11.44.39:266][349]LogModuleManager: Shutting down and abandoning module WmfMediaFactory (504)
[2020.08.19-11.44.39:266][349]LogModuleManager: Shutting down and abandoning module WmfMediaEditor (502)
[2020.08.19-11.44.39:266][349]LogModuleManager: Shutting down and abandoning module OpenExrWrapper (500)
[2020.08.19-11.44.39:266][349]LogModuleManager: Shutting down and abandoning module ImgMediaFactory (498)
[2020.08.19-11.44.39:266][349]LogModuleManager: Shutting down and abandoning module ImgMediaEditor (496)
[2020.08.19-11.44.39:685][349]LogModuleManager: Shutting down and abandoning module AvfMediaFactory (494)
[2020.08.19-11.44.39:685][349]LogModuleManager: Shutting down and abandoning module AvfMediaEditor (492)
[2020.08.19-11.44.39:685][349]LogModuleManager: Shutting down and abandoning module AndroidMediaFactory (490)
[2020.08.19-11.44.39:685][349]LogModuleManager: Shutting down and abandoning module AndroidMediaEditor (488)
[2020.08.19-11.44.39:685][349]LogModuleManager: Shutting down and abandoning module CharacterAI (486)
[2020.08.19-11.44.39:685][349]LogModuleManager: Shutting down and abandoning module AudioCapture (484)
[2020.08.19-11.44.39:685][349]LogModuleManager: Shutting down and abandoning module SequenceRecorder (483)
[2020.08.19-11.44.39:841][349]LogModuleManager: Shutting down and abandoning module SmartSnapping (480)
[2020.08.19-11.44.39:841][349]LogModuleManager: Shutting down and abandoning module SessionServices (478)
[2020.08.19-11.44.39:841][349]LogModuleManager: Shutting down and abandoning module ViewportSnapping (476)
[2020.08.19-11.44.39:842][349]LogModuleManager: Shutting down and abandoning module ViewportInteraction (474)
[2020.08.19-11.44.39:935][349]LogModuleManager: Shutting down and abandoning module ClothPainter (472)
[2020.08.19-11.44.40:813][349]LogModuleManager: Shutting down and abandoning module SkeletalMeshEditor (471)
[2020.08.19-11.44.41:298][349]LogModuleManager: Shutting down and abandoning module LogVisualizer (468)
[2020.08.19-11.44.42:740][349]LogModuleManager: Shutting down and abandoning module IntroTutorials (466)
[2020.08.19-11.44.42:874][349]LogModuleManager: Shutting down and abandoning module GameProjectGeneration (465)
[2020.08.19-11.44.43:196][349]LogModuleManager: Shutting down and abandoning module IOSPlatformEditor (462)
[2020.08.19-11.44.43:775][349]LogModuleManager: Shutting down and abandoning module HTML5PlatformEditor (460)
[2020.08.19-11.44.43:775][349]LogModuleManager: Shutting down and abandoning module AndroidPlatformEditor (458)
[2020.08.19-11.44.43:775][349]LogModuleManager: Shutting down and abandoning module AndroidDeviceDetection (457)
[2020.08.19-11.44.44:707][349]LogModuleManager: Shutting down and abandoning module WindowsPlatformEditor (454)
[2020.08.19-11.44.44:707][349]LogModuleManager: Shutting down and abandoning module IOSRuntimeSettings (452)
[2020.08.19-11.44.44:707][349]LogModuleManager: Shutting down and abandoning module AndroidRuntimeSettings (450)
[2020.08.19-11.44.44:708][349]LogModuleManager: Shutting down and abandoning module InputBindingEditor (448)
[2020.08.19-11.44.44:779][349]LogModuleManager: Shutting down and abandoning module MergeActors (446)
[2020.08.19-11.44.44:929][349]LogModuleManager: Shutting down and abandoning module SizeMap (444)
[2020.08.19-11.44.44:939][349]LogModuleManager: Shutting down and abandoning module TreeMap (442)
[2020.08.19-11.44.44:978][349]LogModuleManager: Shutting down and abandoning module ReferenceViewer (440)
[2020.08.19-11.44.44:978][349]LogModuleManager: Shutting down and abandoning module LocalizationDashboard (438)
[2020.08.19-11.44.45:226][349]LogModuleManager: Shutting down and abandoning module LocalizationService (437)
[2020.08.19-11.44.45:267][349]LogModuleManager: Shutting down and abandoning module HardwareTargeting (434)
[2020.08.19-11.44.45:267][349]LogModuleManager: Shutting down and abandoning module DeviceProfileEditor (432)
[2020.08.19-11.44.45:563][349]LogModuleManager: Shutting down and abandoning module UndoHistory (430)
[2020.08.19-11.44.45:582][349]LogModuleManager: Shutting down and abandoning module XmlParser (428)
[2020.08.19-11.44.45:588][349]LogModuleManager: Shutting down and abandoning module Blutility (426)
[2020.08.19-11.44.45:588][349]LogModuleManager: Shutting down and abandoning module ProjectSettingsViewer (424)
[2020.08.19-11.44.45:588][349]LogModuleManager: Shutting down and abandoning module ProjectTargetPlatformEditor (423)
[2020.08.19-11.44.45:799][349]LogModuleManager: Shutting down and abandoning module EditorSettingsViewer (420)
[2020.08.19-11.44.45:799][349]LogModuleManager: Shutting down and abandoning module SettingsEditor (418)
[2020.08.19-11.44.45:951][349]LogModuleManager: Shutting down and abandoning module ProjectLauncher (416)
[2020.08.19-11.44.45:965][349]LogModuleManager: Shutting down and abandoning module SessionFrontend (414)
[2020.08.19-11.44.46:004][349]LogModuleManager: Shutting down and abandoning module ProfilerClient (412)
[2020.08.19-11.44.46:142][349]LogModuleManager: Shutting down and abandoning module DeviceManager (410)
[2020.08.19-11.44.46:261][349]LogModuleManager: Shutting down and abandoning module TargetDeviceServices (409)
[2020.08.19-11.44.46:616][349]LogModuleManager: Shutting down and abandoning module AutomationController (406)
[2020.08.19-11.44.46:683][349]LogModuleManager: Shutting down and abandoning module AutomationWindow (404)
[2020.08.19-11.44.46:809][349]LogModuleManager: Shutting down and abandoning module Layers (402)
[2020.08.19-11.44.46:857][349]LogModuleManager: Shutting down and abandoning module ComponentVisualizers (400)
[2020.08.19-11.44.46:857][349]LogModuleManager: Shutting down and abandoning module DetailCustomizations (398)
[2020.08.19-11.44.47:138][349]LogModuleManager: Shutting down and abandoning module PackagesDialog (396)
[2020.08.19-11.44.47:138][349]LogModuleManager: Shutting down and abandoning module Persona (394)
[2020.08.19-11.44.47:207][349]LogModuleManager: Shutting down and abandoning module AdvancedPreviewScene (393)
[2020.08.19-11.44.47:208][349]LogModuleManager: Shutting down and abandoning module AnimGraph (391)
[2020.08.19-11.44.47:208][349]LogModuleManager: Shutting down and abandoning module Kismet (388)
[2020.08.19-11.44.47:276][349]LogModuleManager: Shutting down and abandoning module ClassViewer (386)
[2020.08.19-11.44.47:332][349]LogModuleManager: Shutting down and abandoning module Toolbox (384)
[2020.08.19-11.44.47:332][349]LogModuleManager: Shutting down and abandoning module ModuleUI (382)
[2020.08.19-11.44.47:368][349]LogModuleManager: Shutting down and abandoning module MovieSceneTools (380)
[2020.08.19-11.44.49:570][349]LogModuleManager: Shutting down and abandoning module OutputLog (378)
[2020.08.19-11.44.49:570][349]LogModuleManager: Shutting down and abandoning module GammaUI (376)
[2020.08.19-11.44.50:020][349]LogModuleManager: Shutting down and abandoning module Documentation (374)
[2020.08.19-11.44.50:020][349]LogModuleManager: Shutting down and abandoning module MovieSceneTracks (372)
[2020.08.19-11.44.50:020][349]LogModuleManager: Shutting down and abandoning module MovieScene (370)
[2020.08.19-11.44.50:021][349]LogModuleManager: Shutting down and abandoning module StreamingPauseRendering (368)
[2020.08.19-11.44.50:021][349]LogModuleManager: Shutting down and abandoning module LauncherPlatform (366)
[2020.08.19-11.44.50:021][349]LogModuleManager: Shutting down and abandoning module AnalyticsET (364)
[2020.08.19-11.44.50:021][349]LogModuleManager: Shutting down and abandoning module PortalServices (362)
[2020.08.19-11.44.50:021][349]LogModuleManager: Shutting down and abandoning module PortalRpc (360)
[2020.08.19-11.44.50:021][349]LogModuleManager: Shutting down and abandoning module MessagingRpc (358)
[2020.08.19-11.44.50:021][349]LogModuleManager: Shutting down and abandoning module AIModule (356)
[2020.08.19-11.44.50:034][349]LogModuleManager: Shutting down and abandoning module GameplayDebugger (355)
[2020.08.19-11.44.50:035][349]LogModuleManager: Shutting down and abandoning module AITestSuite (353)
[2020.08.19-11.44.50:067][349]LogModuleManager: Shutting down and abandoning module DesktopPlatform (350)
[2020.08.19-11.44.50:084][349]LogModuleManager: Shutting down and abandoning module ProfilerService (348)
[2020.08.19-11.44.50:477][349]LogModuleManager: Shutting down and abandoning module TaskGraph (346)
[2020.08.19-11.44.50:558][349]LogModuleManager: Shutting down and abandoning module SteamVRController (344)
[2020.08.19-11.44.50:558][349]LogModuleManager: Shutting down and abandoning module ProceduralMeshComponentEditor (342)
[2020.08.19-11.44.50:558][349]LogModuleManager: Shutting down and abandoning module ProceduralMeshComponent (340)
[2020.08.19-11.44.50:558][349]LogModuleManager: Shutting down and abandoning module OculusInput (338)
[2020.08.19-11.44.50:558][349]LogModuleManager: Shutting down and abandoning module MobilePatchingUtils (336)
[2020.08.19-11.44.50:558][349]LogModuleManager: Shutting down and abandoning module CustomMeshComponent (334)
[2020.08.19-11.44.50:558][349]LogModuleManager: Shutting down and abandoning module CableComponent (332)
[2020.08.19-11.44.50:558][349]LogModuleManager: Shutting down and abandoning module ArchVisCharacter (330)
[2020.08.19-11.44.50:558][349]LogModuleManager: Shutting down and abandoning module AndroidPermission (328)
[2020.08.19-11.44.50:558][349]LogModuleManager: Shutting down and abandoning module ActorSequence (324)
[2020.08.19-11.44.50:558][349]LogModuleManager: Shutting down and abandoning module MediaPlayerEditor (322)
[2020.08.19-11.44.50:711][349]LogModuleManager: Shutting down and abandoning module MediaCompositingEditor (320)
[2020.08.19-11.44.50:717][349]LogModuleManager: Shutting down and abandoning module MediaCompositing (318)
[2020.08.19-11.44.50:717][349]LogModuleManager: Shutting down and abandoning module HTML5Networking (316)
[2020.08.19-11.44.50:717][349]LogModuleManager: Shutting down and abandoning module AlembicImporter (314)
[2020.08.19-11.44.51:187][349]LogModuleManager: Shutting down and abandoning module AlembicLibrary (313)
[2020.08.19-11.44.51:187][349]LogModuleManager: Shutting down and abandoning module GeometryCache (312)
[2020.08.19-11.44.51:187][349]LogModuleManager: Shutting down and abandoning module GeometryCacheEd (311)
[2020.08.19-11.44.51:187][349]LogModuleManager: Shutting down and abandoning module SpeedTreeImporter (306)
[2020.08.19-11.44.51:187][349]LogModuleManager: Shutting down and abandoning module PluginBrowser (304)
[2020.08.19-11.44.52:354][349]LogModuleManager: Shutting down and abandoning module MobileLauncherProfileWizard (302)
[2020.08.19-11.44.52:437][349]LogModuleManager: Shutting down and abandoning module VisualStudioSourceCodeAccess (300)
[2020.08.19-11.44.52:542][349]LogModuleManager: Shutting down and abandoning module VisualStudioCodeSourceCodeAccess (298)
[2020.08.19-11.44.52:583][349]LogModuleManager: Shutting down and abandoning module UObjectPlugin (296)
[2020.08.19-11.44.52:583][349]LogModuleManager: Shutting down and abandoning module SubversionSourceControl (294)
[2020.08.19-11.44.52:758][349]LogModuleManager: Shutting down and abandoning module PerforceSourceControl (292)
[2020.08.19-11.44.53:261][349]LogModuleManager: Shutting down and abandoning module GitSourceControl (290)
[2020.08.19-11.44.53:303][349]LogModuleManager: Shutting down and abandoning module SourceControl (289)
[2020.08.19-11.44.53:352][349]LogModuleManager: Shutting down and abandoning module LightPropagationVolumeEditor (286)
[2020.08.19-11.44.53:352][349]LogModuleManager: Shutting down and abandoning module PaperTiledImporter (284)
[2020.08.19-11.44.53:352][349]LogModuleManager: Shutting down and abandoning module PaperSpriteSheetImporter (282)
[2020.08.19-11.44.53:352][349]LogModuleManager: Shutting down and abandoning module Paper2DEditor (280)
[2020.08.19-11.44.54:543][349]LogModuleManager: Shutting down and abandoning module MeshPaint (279)
[2020.08.19-11.44.54:544][349]LogModuleManager: Shutting down and abandoning module LevelEditor (277)
[2020.08.19-11.44.54:577][349]LogModuleManager: Shutting down and abandoning module PixelInspectorModule (276)
[2020.08.19-11.44.54:620][349]LogModuleManager: Shutting down and abandoning module MainFrame (274)
[2020.08.19-11.44.54:621][349]LogModuleManager: Shutting down and abandoning module HotReload (273)
[2020.08.19-11.44.54:679][349]LogModuleManager: Shutting down and abandoning module RuntimePhysXCooking (268)
[2020.08.19-11.44.54:689][349]LogModuleManager: Shutting down and abandoning module PhysXVehiclesEditor (266)
[2020.08.19-11.44.54:701][349]LogModuleManager: Shutting down and abandoning module PhysXVehicles (264)
[2020.08.19-11.44.54:701][349]LogModuleManager: Shutting down and abandoning module OculusEditor (262)
[2020.08.19-11.44.54:778][349]LogModuleManager: Shutting down and abandoning module LocationServicesBPLibrary (260)
[2020.08.19-11.44.54:778][349]LogModuleManager: Shutting down and abandoning module ImmediatePhysicsEditor (258)
[2020.08.19-11.44.54:778][349]LogModuleManager: Shutting down and abandoning module ImmediatePhysics (256)
[2020.08.19-11.44.54:778][349]LogModuleManager: Shutting down and abandoning module UdpMessaging (254)
[2020.08.19-11.44.54:879][349]LogModuleManager: Shutting down and abandoning module TcpMessaging (252)
[2020.08.19-11.44.54:980][349]LogModuleManager: Shutting down and abandoning module GameplayTagsEditor (250)
[2020.08.19-11.44.55:176][349]LogModuleManager: Shutting down and abandoning module FacialAnimationEditor (248)
[2020.08.19-11.44.55:325][349]LogModuleManager: Shutting down and abandoning module FacialAnimation (246)
[2020.08.19-11.44.55:325][349]LogModuleManager: Shutting down and abandoning module AssetManagerEditor (244)
[2020.08.19-11.44.55:534][349]LogModuleManager: Shutting down and abandoning module GraphEditor (243)
[2020.08.19-11.44.55:534][349]LogModuleManager: Shutting down and abandoning module ContentBrowser (241)
[2020.08.19-11.44.55:536][349]LogModuleManager: Shutting down and abandoning module LightPropagationVolumeRuntime (238)
[2020.08.19-11.44.55:537][349]LogModuleManager: Shutting down and abandoning module Paper2D (236)
[2020.08.19-11.44.55:537][349]LogModuleManager: Shutting down and abandoning module WindowsMoviePlayer (234)
[2020.08.19-11.44.55:650][349]LogModuleManager: Shutting down and abandoning module WmfMedia (232)
[2020.08.19-11.44.55:770][349]LogModuleManager: Shutting down and abandoning module ImgMedia (230)
[2020.08.19-11.44.55:770][349]LogModuleManager: Shutting down and abandoning module PacketHandler (228)
[2020.08.19-11.44.55:770][349]LogModuleManager: Shutting down and abandoning module ClothingSystemEditor (226)
[2020.08.19-11.44.55:770][349]LogModuleManager: Shutting down and abandoning module ClothingSystemRuntime (224)
[2020.08.19-11.44.55:915][349]LogModuleManager: Shutting down and abandoning module MediaAssets (222)
[2020.08.19-11.44.55:915][349]LogModuleManager: Shutting down and abandoning module Media (221)
[2020.08.19-11.44.55:921][349]LogModuleManager: Shutting down and abandoning module Overlay (218)
[2020.08.19-11.44.55:922][349]LogModuleManager: Shutting down and abandoning module OverlayEditor (217)
[2020.08.19-11.44.55:922][349]LogModuleManager: Shutting down and abandoning module VREditor (214)
[2020.08.19-11.44.55:954][349]LogModuleManager: Shutting down and abandoning module StringTableEditor (212)
[2020.08.19-11.44.55:954][349]LogModuleManager: Shutting down and abandoning module GameplayTasksEditor (210)
[2020.08.19-11.44.55:954][349]LogModuleManager: Shutting down and abandoning module BehaviorTreeEditor (208)
[2020.08.19-11.44.56:005][349]LogModuleManager: Shutting down and abandoning module FunctionalTesting (206)
[2020.08.19-11.44.56:005][349]LogModuleManager: Shutting down and abandoning module CollisionAnalyzer (204)
[2020.08.19-11.44.56:086][349]LogModuleManager: Shutting down and abandoning module WorkspaceMenuStructure (203)
[2020.08.19-11.44.56:518][349]LogModuleManager: Shutting down and abandoning module UMG (200)
[2020.08.19-11.44.56:519][349]LogModuleManager: Shutting down and abandoning module UMGEditor (199)
[2020.08.19-11.44.56:659][349]LogModuleManager: Shutting down and abandoning module Sequencer (198)
[2020.08.19-11.44.56:999][349]LogModuleManager: Shutting down and abandoning module MessageLog (195)
[2020.08.19-11.44.56:999][349]LogModuleManager: Shutting down and abandoning module SlateReflector (190)
[2020.08.19-11.44.57:184][349]LogModuleManager: Shutting down and abandoning module Slate (188)
[2020.08.19-11.44.57:184][349]LogModuleManager: Shutting down and abandoning module EditorStyle (186)
[2020.08.19-11.44.57:308][349]LogModuleManager: Shutting down and abandoning module MRMesh (184)
[2020.08.19-11.44.57:308][349]LogModuleManager: Shutting down and abandoning module SourceCodeAccess (182)
[2020.08.19-11.44.57:308][349]LogModuleManager: Shutting down and abandoning module HeadMountedDisplay (180)
[2020.08.19-11.44.57:308][349]LogModuleManager: Shutting down and abandoning module XAudio2 (178)
[2020.08.19-11.44.57:308][349]LogModuleManager: Shutting down and abandoning module Networking (176)
[2020.08.19-11.44.57:308][349]LogModuleManager: Shutting down and abandoning module Core (172)
[2020.08.19-11.44.57:308][349]LogModuleManager: Shutting down and abandoning module LevelSequence (168)
[2020.08.19-11.44.57:308][349]LogModuleManager: Shutting down and abandoning module DirectoryWatcher (166)
[2020.08.19-11.44.57:348][349]LogModuleManager: Shutting down and abandoning module KismetCompiler (164)
[2020.08.19-11.44.57:406][349]LogModuleManager: Shutting down and abandoning module MeshUtilities (162)
[2020.08.19-11.44.57:515][349]LogModuleManager: Shutting down and abandoning module MeshMergeUtilities (161)
[2020.08.19-11.44.57:531][349]LogModuleManager: Shutting down and abandoning module MeshReductionInterface (160)
[2020.08.19-11.44.57:531][349]LogModuleManager: Shutting down and abandoning module SimplygonSwarm (159)
[2020.08.19-11.44.57:872][349]LogModuleManager: Shutting down and abandoning module SimplygonMeshReduction (157)
[2020.08.19-11.44.57:977][349]LogModuleManager: Shutting down and abandoning module QuadricMeshReduction (155)
[2020.08.19-11.44.57:989][349]LogModuleManager: Shutting down and abandoning module MaterialBaking (151)
[2020.08.19-11.44.58:004][349]LogModuleManager: Shutting down and abandoning module DerivedDataCache (148)
[2020.08.19-11.44.58:052][349]LogDerivedDataCache: Shutdown
[2020.08.19-11.44.58:052][349]LogModuleManager: Shutting down and abandoning module TargetPlatform (146)
[2020.08.19-11.44.58:072][349]LogModuleManager: Shutting down and abandoning module VulkanShaderFormat (145)
[2020.08.19-11.44.58:309][349]LogModuleManager: Shutting down and abandoning module ShaderFormatVectorVM (143)
[2020.08.19-11.44.58:406][349]LogModuleManager: Shutting down and abandoning module ShaderFormatOpenGL (141)
[2020.08.19-11.44.58:418][349]LogModuleManager: Shutting down and abandoning module ShaderFormatD3D (139)
[2020.08.19-11.44.58:449][349]LogModuleManager: Shutting down and abandoning module MetalShaderFormat (137)
[2020.08.19-11.44.58:544][349]LogModuleManager: Shutting down and abandoning module TextureFormatUncompressed (135)
[2020.08.19-11.44.58:544][349]LogModuleManager: Shutting down and abandoning module TextureFormatPVR (133)
[2020.08.19-11.44.58:544][349]LogModuleManager: Shutting down and abandoning module TextureFormatDXT (131)
[2020.08.19-11.44.58:545][349]LogModuleManager: Shutting down and abandoning module TextureFormatIntelISPCTexComp (129)
[2020.08.19-11.44.58:685][349]LogModuleManager: Shutting down and abandoning module TextureFormatASTC (127)
[2020.08.19-11.44.58:685][349]LogModuleManager: Shutting down and abandoning module ImageWrapper (126)
[2020.08.19-11.44.58:685][349]LogModuleManager: Shutting down and abandoning module TextureFormatAndroid (123)
[2020.08.19-11.44.58:685][349]LogModuleManager: Shutting down and abandoning module AudioFormatOpus (121)
[2020.08.19-11.44.58:686][349]LogModuleManager: Shutting down and abandoning module AudioFormatOgg (119)
[2020.08.19-11.44.58:686][349]LogModuleManager: Shutting down and abandoning module AudioFormatADPCM (117)
[2020.08.19-11.44.58:686][349]LogModuleManager: Shutting down and abandoning module LinuxTargetPlatform (115)
[2020.08.19-11.44.58:686][349]LogModuleManager: Shutting down and abandoning module LinuxServerTargetPlatform (113)
[2020.08.19-11.44.58:686][349]LogModuleManager: Shutting down and abandoning module LinuxNoEditorTargetPlatform (111)
[2020.08.19-11.44.58:686][349]LogModuleManager: Shutting down and abandoning module LinuxClientTargetPlatform (109)
[2020.08.19-11.44.58:686][349]LogModuleManager: Shutting down and abandoning module TVOSTargetPlatform (107)
[2020.08.19-11.44.58:686][349]LogModuleManager: Shutting down and abandoning module Messaging (105)
[2020.08.19-11.44.58:719][349]LogModuleManager: Shutting down and abandoning module IOSTargetPlatform (103)
[2020.08.19-11.44.58:719][349]LogModuleManager: Shutting down and abandoning module HTML5TargetPlatform (101)
[2020.08.19-11.44.58:719][349]LogModuleManager: Shutting down and abandoning module AndroidTargetPlatform (99)
[2020.08.19-11.44.58:719][349]LogModuleManager: Shutting down and abandoning module Android_PVRTCTargetPlatform (97)
[2020.08.19-11.44.58:719][349]LogModuleManager: Shutting down and abandoning module Android_MultiTargetPlatform (95)
[2020.08.19-11.44.58:719][349]LogModuleManager: Shutting down and abandoning module Android_ETC2TargetPlatform (93)
[2020.08.19-11.44.58:719][349]LogModuleManager: Shutting down and abandoning module Android_ETC1TargetPlatform (91)
[2020.08.19-11.44.58:719][349]LogModuleManager: Shutting down and abandoning module Android_DXTTargetPlatform (89)
[2020.08.19-11.44.58:719][349]LogModuleManager: Shutting down and abandoning module Android_ATCTargetPlatform (87)
[2020.08.19-11.44.58:720][349]LogModuleManager: Shutting down and abandoning module Android_ASTCTargetPlatform (85)
[2020.08.19-11.44.58:720][349]LogModuleManager: Shutting down and abandoning module WindowsTargetPlatform (83)
[2020.08.19-11.44.58:720][349]LogModuleManager: Shutting down and abandoning module WindowsServerTargetPlatform (81)
[2020.08.19-11.44.58:736][349]LogModuleManager: Shutting down and abandoning module WindowsNoEditorTargetPlatform (79)
[2020.08.19-11.44.58:736][349]LogModuleManager: Shutting down and abandoning module WindowsClientTargetPlatform (77)
[2020.08.19-11.44.58:736][349]LogModuleManager: Shutting down and abandoning module MacTargetPlatform (75)
[2020.08.19-11.44.58:736][349]LogModuleManager: Shutting down and abandoning module MacServerTargetPlatform (73)
[2020.08.19-11.44.58:746][349]LogModuleManager: Shutting down and abandoning module MacNoEditorTargetPlatform (71)
[2020.08.19-11.44.58:746][349]LogModuleManager: Shutting down and abandoning module MacClientTargetPlatform (69)
[2020.08.19-11.44.58:746][349]LogModuleManager: Shutting down and abandoning module AllDesktopTargetPlatform (67)
[2020.08.19-11.44.58:746][349]LogModuleManager: Shutting down and abandoning module InputCore (64)
[2020.08.19-11.44.58:746][349]LogModuleManager: Shutting down and abandoning module Settings (62)
[2020.08.19-11.44.58:754][349]LogModuleManager: Shutting down and abandoning module PhysXCooking (60)
[2020.08.19-11.44.58:755][349]LogModuleManager: Shutting down and abandoning module SteamVR (58)
[2020.08.19-11.44.58:755][349]LogModuleManager: Shutting down and abandoning module OculusHMD (56)
[2020.08.19-11.44.58:791][349]LogModuleManager: Shutting down and abandoning module ExampleDeviceProfileSelector (54)
[2020.08.19-11.44.58:792][349]LogModuleManager: Shutting down and abandoning module AppleARKit (52)
[2020.08.19-11.44.58:792][349]LogModuleManager: Shutting down and abandoning module AugmentedReality (51)
[2020.08.19-11.44.58:792][349]LogModuleManager: Shutting down and abandoning module OnlineBlueprintSupport (48)
[2020.08.19-11.44.58:792][349]LogModuleManager: Shutting down and abandoning module OnlineSubsystem (44)
[2020.08.19-11.44.58:818][349]LogModuleManager: Shutting down and abandoning module XMPP (43)
[2020.08.19-11.44.58:906][349]LogModuleManager: Shutting down and abandoning module HTTP (41)
[2020.08.19-11.44.58:906][349]LogHttp: Display: Http module shutting down, but needs to wait on 1 outstanding Http requests:
[2020.08.19-11.44.58:906][349]LogHttp: Display: 	verb=[POST] url=[https://datarouter.ol.epicgames.com/datarouter/api/v1/public/data?SessionID=%7B2E0750B1-47C6-8B72-B46D-E79F60C7241E%7D&AppID=UEEditor.Rocket.Release&AppVersion=4.18.3-3832480%2B%2B%2BUE4%2BRelease-4.18&UserID=dab985eb449ee4f1b342389e404cab9f%7C845779d9bd904572b61cf91381b7a44e%7C4e718ad1-99cd-4dc7-9063-d4e2b6f3fd7d&AppEnvironment=datacollector-binary&UploadType=eteventstream] status=Processing
[2020.08.19-11.44.59:335][349]LogModuleManager: Shutting down and abandoning module SSL (40)
[2020.08.19-11.44.59:487][349]LogModuleManager: Shutting down and abandoning module AnimationModifiers (36)
[2020.08.19-11.44.59:675][349]LogModuleManager: Shutting down and abandoning module PropertyEditor (35)
[2020.08.19-11.44.59:746][349]LogModuleManager: Shutting down and abandoning module AudioEditor (32)
[2020.08.19-11.44.59:746][349]LogModuleManager: Shutting down and abandoning module TextureCompressor (30)
[2020.08.19-11.45.00:499][349]LogModuleManager: Shutting down and abandoning module ShaderCore (28)
[2020.08.19-11.45.00:499][349]LogModuleManager: Shutting down and abandoning module Landscape (26)
[2020.08.19-11.45.00:499][349]LogModuleManager: Shutting down and abandoning module SlateRHIRenderer (24)
[2020.08.19-11.45.00:596][349]LogModuleManager: Shutting down and abandoning module OpenGLDrv (22)
[2020.08.19-11.45.01:110][349]LogModuleManager: Shutting down and abandoning module D3D11RHI (20)
[2020.08.19-11.45.01:110][349]LogModuleManager: Shutting down and abandoning module AnimGraphRuntime (18)
[2020.08.19-11.45.01:110][349]LogModuleManager: Shutting down and abandoning module Renderer (16)
[2020.08.19-11.45.01:110][349]LogModuleManager: Shutting down and abandoning module Engine (14)
[2020.08.19-11.45.01:110][349]LogModuleManager: Shutting down and abandoning module CoreUObject (12)
[2020.08.19-11.45.01:110][349]LogModuleManager: Shutting down and abandoning module NetworkFile (10)
[2020.08.19-11.45.01:683][349]LogModuleManager: Shutting down and abandoning module CookedIterativeFile (8)
[2020.08.19-11.45.01:683][349]LogModuleManager: Shutting down and abandoning module StreamingFile (6)
[2020.08.19-11.45.01:814][349]LogModuleManager: Shutting down and abandoning module SandboxFile (4)
[2020.08.19-11.45.01:814][349]LogModuleManager: Shutting down and abandoning module PakFile (2)
[2020.08.19-11.45.02:360][349]LogExit: Exiting.
[2020.08.19-11.45.03:132][349]Log file closed, 08/19/20 17:45:03
